mode: set
github.com/jaredfolkins/badactor/sentence.go:11.56,17.2 1 1
github.com/jaredfolkins/badactor/actor.go:20.45,30.2 2 1
github.com/jaredfolkins/badactor/actor.go:32.61,44.2 3 1
github.com/jaredfolkins/badactor/actor.go:46.23,47.12 1 1
github.com/jaredfolkins/badactor/actor.go:47.12,48.7 1 1
github.com/jaredfolkins/badactor/actor.go:48.7,49.11 1 1
github.com/jaredfolkins/badactor/actor.go:50.4,51.22 1 1
github.com/jaredfolkins/badactor/actor.go:52.4,53.24 1 1
github.com/jaredfolkins/badactor/actor.go:53.24,55.6 1 1
github.com/jaredfolkins/badactor/actor.go:61.35,62.36 1 1
github.com/jaredfolkins/badactor/actor.go:65.2,66.12 2 1
github.com/jaredfolkins/badactor/actor.go:62.36,64.3 1 1
github.com/jaredfolkins/badactor/actor.go:69.43,70.17 1 1
github.com/jaredfolkins/badactor/actor.go:71.2,73.39 2 1
github.com/jaredfolkins/badactor/actor.go:74.2,76.39 2 1
github.com/jaredfolkins/badactor/actor.go:77.2,79.39 2 1
github.com/jaredfolkins/badactor/actor.go:80.2,82.57 2 1
github.com/jaredfolkins/badactor/actor.go:83.2,85.73 2 1
github.com/jaredfolkins/badactor/actor.go:86.2,88.73 2 1
github.com/jaredfolkins/badactor/actor.go:89.2,91.73 2 1
github.com/jaredfolkins/badactor/actor.go:95.45,97.18 1 1
github.com/jaredfolkins/badactor/actor.go:101.2,101.36 1 1
github.com/jaredfolkins/badactor/actor.go:108.2,108.60 1 1
github.com/jaredfolkins/badactor/actor.go:97.18,99.3 1 1
github.com/jaredfolkins/badactor/actor.go:101.36,106.3 4 1
github.com/jaredfolkins/badactor/actor.go:111.40,112.36 1 1
github.com/jaredfolkins/badactor/actor.go:115.2,115.10 1 1
github.com/jaredfolkins/badactor/actor.go:112.36,114.3 1 1
github.com/jaredfolkins/badactor/actor.go:118.45,121.2 2 1
github.com/jaredfolkins/badactor/actor.go:123.33,124.22 1 1
github.com/jaredfolkins/badactor/actor.go:127.2,127.14 1 1
github.com/jaredfolkins/badactor/actor.go:124.22,126.3 1 1
github.com/jaredfolkins/badactor/actor.go:132.36,133.28 1 1
github.com/jaredfolkins/badactor/actor.go:137.2,137.36 1 1
github.com/jaredfolkins/badactor/actor.go:142.2,142.25 1 1
github.com/jaredfolkins/badactor/actor.go:133.28,135.3 1 1
github.com/jaredfolkins/badactor/actor.go:137.36,140.3 2 1
github.com/jaredfolkins/badactor/actor.go:145.37,148.40 1 1
github.com/jaredfolkins/badactor/actor.go:155.2,155.29 1 1
github.com/jaredfolkins/badactor/actor.go:164.2,164.14 1 1
github.com/jaredfolkins/badactor/actor.go:148.40,150.3 1 1
github.com/jaredfolkins/badactor/actor.go:155.29,162.3 3 1
github.com/jaredfolkins/badactor/actor.go:167.46,168.47 1 1
github.com/jaredfolkins/badactor/actor.go:173.2,173.14 1 1
github.com/jaredfolkins/badactor/actor.go:168.47,172.3 3 1
github.com/jaredfolkins/badactor/actor.go:176.41,179.37 1 1
github.com/jaredfolkins/badactor/actor.go:183.2,183.50 1 1
github.com/jaredfolkins/badactor/actor.go:188.2,188.12 1 1
github.com/jaredfolkins/badactor/actor.go:179.37,181.3 1 1
github.com/jaredfolkins/badactor/actor.go:183.50,186.3 2 1
github.com/jaredfolkins/badactor/actor.go:192.41,194.29 1 1
github.com/jaredfolkins/badactor/actor.go:198.2,200.41 2 1
github.com/jaredfolkins/badactor/actor.go:207.2,207.12 1 1
github.com/jaredfolkins/badactor/actor.go:194.29,196.3 1 1
github.com/jaredfolkins/badactor/actor.go:200.41,205.3 4 1
github.com/jaredfolkins/badactor/actor.go:210.57,211.56 1 1
github.com/jaredfolkins/badactor/actor.go:215.2,215.70 1 1
github.com/jaredfolkins/badactor/actor.go:211.56,214.3 2 1
github.com/jaredfolkins/badactor/actor.go:218.39,219.28 1 1
github.com/jaredfolkins/badactor/actor.go:222.2,222.14 1 1
github.com/jaredfolkins/badactor/actor.go:219.28,221.3 1 1
github.com/jaredfolkins/badactor/actor.go:225.50,228.2 2 1
github.com/jaredfolkins/badactor/actor.go:230.33,231.22 1 1
github.com/jaredfolkins/badactor/actor.go:234.2,234.14 1 1
github.com/jaredfolkins/badactor/actor.go:231.22,233.3 1 1
github.com/jaredfolkins/badactor/actor.go:237.34,239.2 1 1
github.com/jaredfolkins/badactor/director.go:29.30,36.2 2 1
github.com/jaredfolkins/badactor/director.go:39.26,40.12 1 1
github.com/jaredfolkins/badactor/director.go:40.12,41.7 1 1
github.com/jaredfolkins/badactor/director.go:41.7,42.11 1 1
github.com/jaredfolkins/badactor/director.go:43.4,46.20 3 1
github.com/jaredfolkins/badactor/director.go:52.77,58.18 5 1
github.com/jaredfolkins/badactor/director.go:67.2,68.18 2 1
github.com/jaredfolkins/badactor/director.go:81.2,88.18 2 1
github.com/jaredfolkins/badactor/director.go:58.18,60.17 2 1
github.com/jaredfolkins/badactor/director.go:60.17,62.4 1 1
github.com/jaredfolkins/badactor/director.go:68.18,77.3 1 1
github.com/jaredfolkins/badactor/director.go:91.78,94.24 3 1
github.com/jaredfolkins/badactor/director.go:98.2,98.33 1 1
github.com/jaredfolkins/badactor/director.go:102.2,102.44 1 1
github.com/jaredfolkins/badactor/director.go:94.24,96.3 1 1
github.com/jaredfolkins/badactor/director.go:98.33,100.3 1 1
github.com/jaredfolkins/badactor/director.go:106.65,109.24 3 1
github.com/jaredfolkins/badactor/director.go:112.2,112.35 1 1
github.com/jaredfolkins/badactor/director.go:109.24,111.3 1 1
github.com/jaredfolkins/badactor/director.go:115.60,118.23 3 1
github.com/jaredfolkins/badactor/director.go:121.2,121.30 1 1
github.com/jaredfolkins/badactor/director.go:118.23,120.3 1 1
github.com/jaredfolkins/badactor/director.go:124.47,127.24 3 1
github.com/jaredfolkins/badactor/director.go:130.2,130.24 1 1
github.com/jaredfolkins/badactor/director.go:127.24,129.3 1 1
github.com/jaredfolkins/badactor/director.go:133.48,137.2 3 1
github.com/jaredfolkins/badactor/director.go:139.64,142.24 3 1
github.com/jaredfolkins/badactor/director.go:145.2,145.35 1 1
github.com/jaredfolkins/badactor/director.go:142.24,144.3 1 1
github.com/jaredfolkins/badactor/director.go:148.59,151.24 3 1
github.com/jaredfolkins/badactor/director.go:154.2,154.30 1 1
github.com/jaredfolkins/badactor/director.go:151.24,153.3 1 1
github.com/jaredfolkins/badactor/director.go:157.45,160.24 3 1
github.com/jaredfolkins/badactor/director.go:163.2,163.23 1 1
github.com/jaredfolkins/badactor/director.go:160.24,162.3 1 1
github.com/jaredfolkins/badactor/director.go:166.63,170.24 3 1
github.com/jaredfolkins/badactor/director.go:174.2,174.33 1 1
github.com/jaredfolkins/badactor/director.go:178.2,178.26 1 1
github.com/jaredfolkins/badactor/director.go:170.24,172.3 1 1
github.com/jaredfolkins/badactor/director.go:174.33,176.3 1 1
github.com/jaredfolkins/badactor/director.go:182.59,189.9 4 1
github.com/jaredfolkins/badactor/director.go:194.2,195.9 2 1
github.com/jaredfolkins/badactor/director.go:199.2,199.91 1 1
github.com/jaredfolkins/badactor/director.go:189.9,191.3 1 1
github.com/jaredfolkins/badactor/director.go:195.9,197.3 1 1
github.com/jaredfolkins/badactor/director.go:203.43,207.26 3 1
github.com/jaredfolkins/badactor/director.go:212.2,214.12 2 1
github.com/jaredfolkins/badactor/director.go:207.26,209.3 1 1
github.com/jaredfolkins/badactor/director.go:222.60,223.31 1 1
github.com/jaredfolkins/badactor/director.go:226.2,229.12 4 1
github.com/jaredfolkins/badactor/director.go:223.31,225.3 1 1
github.com/jaredfolkins/badactor/director.go:232.47,235.2 2 1
github.com/jaredfolkins/badactor/director.go:237.48,240.2 2 1
github.com/jaredfolkins/badactor/director.go:242.68,248.2 5 1
github.com/jaredfolkins/badactor/director.go:251.65,259.2 7 1
github.com/jaredfolkins/badactor/director.go:261.64,267.2 5 1
github.com/jaredfolkins/badactor/director.go:269.45,275.2 5 1
github.com/jaredfolkins/badactor/director.go:277.59,283.2 5 1
github.com/jaredfolkins/badactor/director.go:285.63,292.2 6 1
github.com/jaredfolkins/badactor/director.go:294.47,300.2 5 1
github.com/jaredfolkins/badactor/infraction.go:11.41,17.2 1 1
github.com/jaredfolkins/badactor/infraction.go:19.33,21.2 1 1
github.com/jaredfolkins/badactor/messages.go:16.60,23.2 1 1
github.com/jaredfolkins/badactor/rule.go:15.47,23.2 1 1
